Using pre-set license
Built from '2021.3/staging' branch; Version is '2021.3.26f1 (a16dc32e0ff2) revision 10579395'; Using compiler version '192829333'; Build Type 'Release'
OS: 'Windows 10  (10.0.19045) 64bit CoreSingleLanguage' Language: 'tr' Physical Memory: 32604 MB
BatchMode: 1, IsHumanControllingUs: 0, StartBugReporterOnCrash: 0, Is64bit: 1, IsPro: 1

COMMAND LINE ARGUMENTS:
C:\Program Files\Unity\Hub\Editor\2021.3.26f1\Editor\Unity.exe
-adb2
-batchMode
-noUpm
-name
AssetImportWorker0
-projectPath
C:/Users/Emre/Ödev1
-logFile
Logs/AssetImportWorker0.log
-srvPort
62466
Successfully changed project path to: C:/Users/Emre/Ödev1
C:/Users/Emre/Ödev1
[UnityMemory] Configuration Parameters - Can be set up in boot.config
    "memorysetup-bucket-allocator-granularity=16"
    "memorysetup-bucket-allocator-bucket-count=8"
    "memorysetup-bucket-allocator-block-size=33554432"
    "memorysetup-bucket-allocator-block-count=8"
    "memorysetup-main-allocator-block-size=16777216"
    "memorysetup-thread-allocator-block-size=16777216"
    "memorysetup-gfx-main-allocator-block-size=16777216"
    "memorysetup-gfx-thread-allocator-block-size=16777216"
    "memorysetup-cache-allocator-block-size=4194304"
    "memorysetup-typetree-allocator-block-size=2097152"
    "memorysetup-profiler-bucket-allocator-granularity=16"
    "memorysetup-profiler-bucket-allocator-bucket-count=8"
    "memorysetup-profiler-bucket-allocator-block-size=33554432"
    "memorysetup-profiler-bucket-allocator-block-count=8"
    "memorysetup-profiler-allocator-block-size=16777216"
    "memorysetup-profiler-editor-allocator-block-size=1048576"
    "memorysetup-temp-allocator-size-main=16777216"
    "memorysetup-job-temp-allocator-block-size=2097152"
    "memorysetup-job-temp-allocator-block-size-background=1048576"
    "memorysetup-job-temp-allocator-reduction-small-platforms=262144"
    "memorysetup-temp-allocator-size-background-worker=32768"
    "memorysetup-temp-allocator-size-job-worker=262144"
    "memorysetup-temp-allocator-size-preload-manager=33554432"
    "memorysetup-temp-allocator-size-nav-mesh-worker=65536"
    "memorysetup-temp-allocator-size-audio-worker=65536"
    "memorysetup-temp-allocator-size-cloud-worker=32768"
    "memorysetup-temp-allocator-size-gi-baking-worker=262144"
    "memorysetup-temp-allocator-size-gfx=262144"
Player connection [25576] Host "[IP] 169.254.235.215 [Port] 0 [Flags] 2 [Guid] 3108281500 [EditorId] 3108281500 [Version] 1048832 [Id] WindowsEditor(7,DESKTOP-495LH96) [Debug] 1 [PackageName] WindowsEditor [ProjectName] Editor" joined multi-casting on [225.0.0.222:54997]...

Player connection [25576] Host "[IP] 169.254.235.215 [Port] 0 [Flags] 2 [Guid] 3108281500 [EditorId] 3108281500 [Version] 1048832 [Id] WindowsEditor(7,DESKTOP-495LH96) [Debug] 1 [PackageName] WindowsEditor [ProjectName] Editor" joined alternative multi-casting on [225.0.0.222:34997]...

Refreshing native plugins compatible for Editor in 98.38 ms, found 3 plugins.
Preloading 0 native plugins for Editor in 0.00 ms.
Initialize engine version: 2021.3.26f1 (a16dc32e0ff2)
[Subsystems] Discovering subsystems at path C:/Program Files/Unity/Hub/Editor/2021.3.26f1/Editor/Data/Resources/UnitySubsystems
[Subsystems] Discovering subsystems at path C:/Users/Emre/Ödev1/Assets
GfxDevice: creating device client; threaded=0; jobified=0
Direct3D:
    Version:  Direct3D 11.0 [level 11.1]
    Renderer: NVIDIA GeForce RTX 2060 (ID=0x1f15)
    Vendor:   NVIDIA
    VRAM:     5968 MB
    Driver:   31.0.15.3179
Initialize mono
Mono path[0] = 'C:/Program Files/Unity/Hub/Editor/2021.3.26f1/Editor/Data/Managed'
Mono path[1] = 'C:/Program Files/Unity/Hub/Editor/2021.3.26f1/Editor/Data/MonoBleedingEdge/lib/mono/unityjit-win32'
Mono config path = 'C:/Program Files/Unity/Hub/Editor/2021.3.26f1/Editor/Data/MonoBleedingEdge/etc'
Using monoOptions --debugger-agent=transport=dt_socket,embedding=1,server=y,suspend=n,address=127.0.0.1:56048
Begin MonoManager ReloadAssembly
Registering precompiled unity dll's ...
Register platform support module: C:/Program Files/Unity/Hub/Editor/2021.3.26f1/Editor/Data/PlaybackEngines/WebGLSupport/UnityEditor.WebGL.Extensions.dll
Register platform support module: C:/Program Files/Unity/Hub/Editor/2021.3.26f1/Editor/Data/PlaybackEngines/WindowsStandaloneSupport/UnityEditor.WindowsStandalone.Extensions.dll
Registered in 0.014426 seconds.
Native extension for WindowsStandalone target not found
Native extension for WebGL target not found
Refreshing native plugins compatible for Editor in 101.18 ms, found 3 plugins.
Preloading 0 native plugins for Editor in 0.00 ms.
Mono: successfully reloaded assembly
- Completed reload, in  0.795 seconds
Domain Reload Profiling:
	ReloadAssembly (796ms)
		BeginReloadAssembly (104ms)
			ExecutionOrderSort (0ms)
			DisableScriptedObjects (0ms)
			BackupInstance (0ms)
			ReleaseScriptingObjects (0ms)
			CreateAndSetChildDomain (1ms)
		EndReloadAssembly (568ms)
			LoadAssemblies (102ms)
			RebuildTransferFunctionScriptingTraits (0ms)
			SetupTypeCache (141ms)
			ReleaseScriptCaches (0ms)
			RebuildScriptCaches (36ms)
			SetupLoadedEditorAssemblies (326ms)
				LogAssemblyErrors (0ms)
				InitializePlatformSupportModulesInManaged (12ms)
				SetLoadedEditorAssemblies (1ms)
				RefreshPlugins (101ms)
				BeforeProcessingInitializeOnLoad (2ms)
				ProcessInitializeOnLoadAttributes (148ms)
				ProcessInitializeOnLoadMethodAttributes (63ms)
				AfterProcessingInitializeOnLoad (0ms)
				EditorAssembliesLoaded (0ms)
			ExecutionOrderSort2 (0ms)
			AwakeInstancesAfterBackupRestoration (0ms)
Platform modules already initialized, skipping
Registering precompiled user dll's ...
Registered in 0.008876 seconds.
Begin MonoManager ReloadAssembly
Symbol file LoadedFromMemory doesn't match image C:\Users\Emre\Ödev1\Library\PackageCache\com.unity.visualscripting@1.8.0\Editor\VisualScripting.Core\Dependencies\YamlDotNet\Unity.VisualScripting.YamlDotNet.dll
Symbol file LoadedFromMemory doesn't match image C:\Users\Emre\Ödev1\Library\PackageCache\com.unity.visualscripting@1.8.0\Editor\VisualScripting.Core\Dependencies\DotNetZip\Unity.VisualScripting.IonicZip.dll
Native extension for WindowsStandalone target not found
Native extension for WebGL target not found
Refreshing native plugins compatible for Editor in 99.63 ms, found 3 plugins.
Preloading 0 native plugins for Editor in 0.00 ms.
Mono: successfully reloaded assembly
- Completed reload, in  1.585 seconds
Domain Reload Profiling:
	ReloadAssembly (1586ms)
		BeginReloadAssembly (155ms)
			ExecutionOrderSort (0ms)
			DisableScriptedObjects (6ms)
			BackupInstance (0ms)
			ReleaseScriptingObjects (0ms)
			CreateAndSetChildDomain (23ms)
		EndReloadAssembly (1274ms)
			LoadAssemblies (117ms)
			RebuildTransferFunctionScriptingTraits (0ms)
			SetupTypeCache (401ms)
			ReleaseScriptCaches (1ms)
			RebuildScriptCaches (85ms)
			SetupLoadedEditorAssemblies (615ms)
				LogAssemblyErrors (0ms)
				InitializePlatformSupportModulesInManaged (10ms)
				SetLoadedEditorAssemblies (0ms)
				RefreshPlugins (100ms)
				BeforeProcessingInitializeOnLoad (103ms)
				ProcessInitializeOnLoadAttributes (364ms)
				ProcessInitializeOnLoadMethodAttributes (24ms)
				AfterProcessingInitializeOnLoad (13ms)
				EditorAssembliesLoaded (0ms)
			ExecutionOrderSort2 (0ms)
			AwakeInstancesAfterBackupRestoration (12ms)
Platform modules already initialized, skipping
========================================================================
Worker process is ready to serve import requests
Launched and connected shader compiler UnityShaderCompiler.exe after 0.07 seconds
Refreshing native plugins compatible for Editor in 0.80 ms, found 3 plugins.
Preloading 0 native plugins for Editor in 0.00 ms.
Unloading 3398 Unused Serialized files (Serialized files now loaded: 0)
Unloading 24 unused Assets / (30.2 KB). Loaded Objects now: 3878.
Memory consumption went from 133.2 MB to 133.2 MB.
Total: 3.076100 ms (FindLiveObjects: 0.339800 ms CreateObjectMapping: 0.317800 ms MarkObjects: 2.387600 ms  DeleteObjects: 0.029900 ms)

AssetImportParameters requested are different than current active one (requested -> active):
  custom:video-decoder-ogg-theora: a1e56fd34408186e4bbccfd4996cb3dc -> 
  custom:container-muxer-webm: aa71ff27fc2769a1b78a27578f13a17b -> 
  custom:container-demuxer-webm: 4f35f7cbe854078d1ac9338744f61a02 -> 
  custom:video-encoder-webm-vp8: eb34c28f22e8b96e1ab97ce403110664 -> 
  custom:audio-encoder-webm-vorbis: bf7c407c2cedff20999df2af8eb42d56 -> 
  custom:framework-win-MediaFoundation: 216162199b28c13a410421893ffa2e32 -> 
  custom:container-demuxer-ogg: 62fdf1f143b41e24485cea50d1cbac27 -> 
  custom:video-decoder-webm-vp8: 9c59270c3fd7afecdb556c50c9e8de78 -> 
  custom:audio-decoder-ogg-vorbis: bf7c407c2cedff20999df2af8eb42d56 -> 
========================================================================
Received Import Request.
  Time since last request: 437334.236563 seconds.
  path: Assets/Movement.cs
  artifactKey: Guid(0a139d04fe087d34d95d2d81acf4e2a5) Importer(815301076,1909f56bfc062723c751e8b465ee728b)
Start importing Assets/Movement.cs using Guid(0a139d04fe087d34d95d2d81acf4e2a5) Importer(815301076,1909f56bfc062723c751e8b465ee728b)  -> (artifact id: 'aeb1d8719e5fd677fd64ef4d4191cf67') in 0.032164 seconds 
========================================================================
Received Import Request.
  Time since last request: 745.952173 seconds.
  path: Assets/01_AssetStore
  artifactKey: Guid(05f2ff43644c12944bcd361ed8f729d2) Importer(815301076,1909f56bfc062723c751e8b465ee728b)
Start importing Assets/01_AssetStore using Guid(05f2ff43644c12944bcd361ed8f729d2) Importer(815301076,1909f56bfc062723c751e8b465ee728b)  -> (artifact id: '5683eed055f1893e7d044002c39aacf6') in 0.002646 seconds 
========================================================================
Received Import Request.
  Time since last request: 1.703406 seconds.
  path: Assets/01_AssetStore/DoorPackFree
  artifactKey: Guid(2df7851800d1a63419ddfc7a974b57ee) Importer(815301076,1909f56bfc062723c751e8b465ee728b)
Start importing Assets/01_AssetStore/DoorPackFree using Guid(2df7851800d1a63419ddfc7a974b57ee) Importer(815301076,1909f56bfc062723c751e8b465ee728b)  -> (artifact id: '3b984d49f48db5569d4cdcb17cde488e') in 0.002333 seconds 
========================================================================
Received Import Request.
  Time since last request: 1.922384 seconds.
  path: Assets/01_AssetStore/DoorPackFree/Meshes
  artifactKey: Guid(9e991436548381243bad3f469c0ac4ae) Importer(815301076,1909f56bfc062723c751e8b465ee728b)
Start importing Assets/01_AssetStore/DoorPackFree/Meshes using Guid(9e991436548381243bad3f469c0ac4ae) Importer(815301076,1909f56bfc062723c751e8b465ee728b)  -> (artifact id: 'c34948d6de72a4c41c438fe2cf1532cc') in 0.001938 seconds 
========================================================================
Received Import Request.
  Time since last request: 1.689997 seconds.
  path: Assets/01_AssetStore/DoorPackFree/Prefab
  artifactKey: Guid(8b421e942b4b4274cbb9a18cf17aa6c6) Importer(815301076,1909f56bfc062723c751e8b465ee728b)
Start importing Assets/01_AssetStore/DoorPackFree/Prefab using Guid(8b421e942b4b4274cbb9a18cf17aa6c6) Importer(815301076,1909f56bfc062723c751e8b465ee728b)  -> (artifact id: '69beb67776daa0d9a021b86d9fc65181') in 0.002201 seconds 
========================================================================
Received Import Request.
  Time since last request: 0.246352 seconds.
  path: Assets/01_AssetStore/DoorPackFree/Prefab/DoorV1.prefab
  artifactKey: Guid(214b673e61a328f4b97a4c1f1bba63d3) Importer(815301076,1909f56bfc062723c751e8b465ee728b)
Start importing Assets/01_AssetStore/DoorPackFree/Prefab/DoorV1.prefab using Guid(214b673e61a328f4b97a4c1f1bba63d3) Importer(815301076,1909f56bfc062723c751e8b465ee728b)  -> (artifact id: 'b79f15a3f5f60adf5ef845243b8fb7e9') in 0.367030 seconds 
========================================================================
Received Import Request.
  Time since last request: 0.000021 seconds.
  path: Assets/01_AssetStore/DoorPackFree/Prefab/Video intercomV1.prefab
  artifactKey: Guid(98859ffeeab916344bce9e52e502eac9) Importer(815301076,1909f56bfc062723c751e8b465ee728b)
Start importing Assets/01_AssetStore/DoorPackFree/Prefab/Video intercomV1.prefab using Guid(98859ffeeab916344bce9e52e502eac9) Importer(815301076,1909f56bfc062723c751e8b465ee728b)  -> (artifact id: 'b003d45150a466f0343c5f791b1c7523') in 0.225798 seconds 
========================================================================
Received Import Request.
  Time since last request: 0.000026 seconds.
  path: Assets/01_AssetStore/DoorPackFree/Prefab/DoorV3.prefab
  artifactKey: Guid(4fdd4c7eaedfdf4468f35acfb5fbce20) Importer(815301076,1909f56bfc062723c751e8b465ee728b)
Start importing Assets/01_AssetStore/DoorPackFree/Prefab/DoorV3.prefab using Guid(4fdd4c7eaedfdf4468f35acfb5fbce20) Importer(815301076,1909f56bfc062723c751e8b465ee728b)  -> (artifact id: '626a3e0885663ecbc89c202dd348fb39') in 0.019376 seconds 
========================================================================
Received Import Request.
  Time since last request: 0.000031 seconds.
  path: Assets/01_AssetStore/DoorPackFree/Prefab/DoorV7.prefab
  artifactKey: Guid(278941cfba0a8a14cb8571113f4c93d7) Importer(815301076,1909f56bfc062723c751e8b465ee728b)
Start importing Assets/01_AssetStore/DoorPackFree/Prefab/DoorV7.prefab using Guid(278941cfba0a8a14cb8571113f4c93d7) Importer(815301076,1909f56bfc062723c751e8b465ee728b)  -> (artifact id: '9a1a3599cd3a46dd11cd293bb08bda38') in 0.019994 seconds 
========================================================================
Received Import Request.
  Time since last request: 0.000030 seconds.
  path: Assets/01_AssetStore/DoorPackFree/Prefab/DoorV6.prefab
  artifactKey: Guid(89dd74c61103b7644ab2dd9d26606ea0) Importer(815301076,1909f56bfc062723c751e8b465ee728b)
Start importing Assets/01_AssetStore/DoorPackFree/Prefab/DoorV6.prefab using Guid(89dd74c61103b7644ab2dd9d26606ea0) Importer(815301076,1909f56bfc062723c751e8b465ee728b)  -> (artifact id: 'f532d1a4d619327db85041c0af587889') in 0.018364 seconds 
Editor requested this worker to shutdown with reason: Scaling down because of idle timeout
AssetImportWorker is now disconnected from the server
Process exiting
Exiting without the bug reporter. Application will terminate with return code 0